0 info it worked if it ends with ok
1 verbose cli [
1 verbose cli   '/usr/local/bin/node',
1 verbose cli   '/usr/local/bin/npm',
1 verbose cli   'install',
1 verbose cli   '--save',
1 verbose cli   'vue/types/umd'
1 verbose cli ]
2 info using npm@6.14.11
3 info using node@v14.15.5
4 verbose npm-session 62f1d0d9a81455de
5 silly install loadCurrentTree
6 silly install readLocalPackageData
7 silly fetchPackageMetaData error for file:vue/types/umd Could not install from "vue/types/umd" as it does not contain a package.json file.
8 timing stage:rollbackFailedOptional Completed in 1ms
9 timing stage:runTopLevelLifecycles Completed in 955ms
10 verbose stack Error: ENOENT: no such file or directory, open '/Users/whdms3368/Desktop/study/notice-bbs/vue/types/umd/package.json'
11 verbose cwd /Users/whdms3368/Desktop/study/notice-bbs
12 verbose Darwin 20.3.0
13 verbose argv "/usr/local/bin/node" "/usr/local/bin/npm" "install" "--save" "vue/types/umd"
14 verbose node v14.15.5
15 verbose npm  v6.14.11
16 error code ENOLOCAL
17 error Could not install from "vue/types/umd" as it does not contain a package.json file.
18 verbose exit [ 1, true ]
